{"D:\\Code\\js\\backend\\app.js": {"path":"D:\\Code\\js\\backend\\app.js","statementMap":{"0":{"start":{"line":13,"column":24},"end":{"line":13,"column":51}},"1":{"start":{"line":16,"column":4},"end":{"line":16,"column":53}},"2":{"start":{"line":19,"column":12},"end":{"line":19,"column":21}},"3":{"start":{"line":20,"column":12},"end":{"line":20,"column":108}},"4":{"start":{"line":21,"column":15},"end":{"line":21,"column":35}},"5":{"start":{"line":22,"column":15},"end":{"line":22,"column":28}},"6":{"start":{"line":29,"column":20},"end":{"line":29,"column":24}},"7":{"start":{"line":30,"column":24},"end":{"line":30,"column":28}},"8":{"start":{"line":31,"column":27},"end":{"line":31,"column":28}},"9":{"start":{"line":33,"column":15},"end":{"line":33,"column":17}},"10":{"start":{"line":34,"column":15},"end":{"line":34,"column":24}},"11":{"start":{"line":35,"column":27},"end":{"line":35,"column":29}},"12":{"start":{"line":37,"column":0},"end":{"line":37,"column":16}},"13":{"start":{"line":39,"column":0},"end":{"line":39,"column":24}},"14":{"start":{"line":40,"column":0},"end":{"line":40,"column":72}},"15":{"start":{"line":43,"column":4},"end":{"line":56,"column":5}},"16":{"start":{"line":44,"column":8},"end":{"line":44,"column":31}},"17":{"start":{"line":45,"column":8},"end":{"line":45,"column":31}},"18":{"start":{"line":46,"column":8},"end":{"line":46,"column":39}},"19":{"start":{"line":47,"column":8},"end":{"line":47,"column":41}},"20":{"start":{"line":48,"column":8},"end":{"line":48,"column":43}},"21":{"start":{"line":49,"column":8},"end":{"line":49,"column":43}},"22":{"start":{"line":50,"column":8},"end":{"line":50,"column":50}},"23":{"start":{"line":51,"column":24},"end":{"line":51,"column":53}},"24":{"start":{"line":52,"column":8},"end":{"line":52,"column":102}},"25":{"start":{"line":52,"column":34},"end":{"line":52,"column":53}},"26":{"start":{"line":52,"column":54},"end":{"line":52,"column":99}},"27":{"start":{"line":55,"column":8},"end":{"line":55,"column":23}},"28":{"start":{"line":59,"column":22},"end":{"line":64,"column":3}},"29":{"start":{"line":60,"column":4},"end":{"line":60,"column":35}},"30":{"start":{"line":60,"column":22},"end":{"line":60,"column":35}},"31":{"start":{"line":61,"column":4},"end":{"line":63,"column":6}},"32":{"start":{"line":68,"column":4},"end":{"line":68,"column":30}},"33":{"start":{"line":72,"column":15},"end":{"line":72,"column":50}},"34":{"start":{"line":73,"column":4},"end":{"line":73,"column":33}},"35":{"start":{"line":73,"column":21},"end":{"line":73,"column":33}},"36":{"start":{"line":74,"column":4},"end":{"line":77,"column":5}},"37":{"start":{"line":76,"column":8},"end":{"line":76,"column":27}},"38":{"start":{"line":78,"column":4},"end":{"line":78,"column":16}},"39":{"start":{"line":81,"column":14},"end":{"line":81,"column":15}},"40":{"start":{"line":82,"column":4},"end":{"line":84,"column":28}},"41":{"start":{"line":83,"column":8},"end":{"line":83,"column":31}},"42":{"start":{"line":86,"column":4},"end":{"line":87,"column":50}},"43":{"start":{"line":87,"column":8},"end":{"line":87,"column":50}},"44":{"start":{"line":89,"column":4},"end":{"line":89,"column":47}},"45":{"start":{"line":90,"column":4},"end":{"line":90,"column":35}},"46":{"start":{"line":91,"column":4},"end":{"line":91,"column":15}},"47":{"start":{"line":94,"column":13},"end":{"line":94,"column":48}},"48":{"start":{"line":95,"column":4},"end":{"line":99,"column":5}},"49":{"start":{"line":97,"column":8},"end":{"line":97,"column":43}},"50":{"start":{"line":98,"column":8},"end":{"line":98,"column":36}},"51":{"start":{"line":100,"column":4},"end":{"line":100,"column":84}},"52":{"start":{"line":101,"column":4},"end":{"line":101,"column":47}},"53":{"start":{"line":104,"column":13},"end":{"line":104,"column":48}},"54":{"start":{"line":105,"column":4},"end":{"line":105,"column":31}},"55":{"start":{"line":105,"column":19},"end":{"line":105,"column":31}},"56":{"start":{"line":106,"column":4},"end":{"line":106,"column":26}},"57":{"start":{"line":109,"column":4},"end":{"line":110,"column":63}},"58":{"start":{"line":110,"column":8},"end":{"line":110,"column":63}},"59":{"start":{"line":111,"column":4},"end":{"line":111,"column":29}},"60":{"start":{"line":114,"column":4},"end":{"line":115,"column":67}},"61":{"start":{"line":115,"column":8},"end":{"line":115,"column":67}},"62":{"start":{"line":116,"column":4},"end":{"line":116,"column":25}},"63":{"start":{"line":119,"column":22},"end":{"line":119,"column":47}},"64":{"start":{"line":121,"column":4},"end":{"line":122,"column":51}},"65":{"start":{"line":121,"column":28},"end":{"line":121,"column":42}},"66":{"start":{"line":122,"column":9},"end":{"line":122,"column":51}},"67":{"start":{"line":122,"column":42},"end":{"line":122,"column":48}},"68":{"start":{"line":123,"column":18},"end":{"line":123,"column":37}},"69":{"start":{"line":125,"column":22},"end":{"line":125,"column":24}},"70":{"start":{"line":127,"column":4},"end":{"line":142,"column":5}},"71":{"start":{"line":127,"column":14},"end":{"line":127,"column":15}},"72":{"start":{"line":128,"column":22},"end":{"line":128,"column":24}},"73":{"start":{"line":129,"column":18},"end":{"line":129,"column":19}},"74":{"start":{"line":130,"column":19},"end":{"line":130,"column":20}},"75":{"start":{"line":131,"column":8},"end":{"line":140,"column":9}},"76":{"start":{"line":131,"column":18},"end":{"line":131,"column":19}},"77":{"start":{"line":133,"column":22},"end":{"line":133,"column":63}},"78":{"start":{"line":134,"column":12},"end":{"line":139,"column":24}},"79":{"start":{"line":136,"column":16},"end":{"line":136,"column":22}},"80":{"start":{"line":137,"column":16},"end":{"line":137,"column":34}},"81":{"start":{"line":139,"column":17},"end":{"line":139,"column":24}},"82":{"start":{"line":141,"column":8},"end":{"line":141,"column":59}},"83":{"start":{"line":143,"column":4},"end":{"line":146,"column":7}},"84":{"start":{"line":144,"column":8},"end":{"line":144,"column":44}},"85":{"start":{"line":144,"column":25},"end":{"line":144,"column":44}},"86":{"start":{"line":145,"column":8},"end":{"line":145,"column":25}},"87":{"start":{"line":147,"column":4},"end":{"line":147,"column":53}},"88":{"start":{"line":147,"column":47},"end":{"line":147,"column":51}},"89":{"start":{"line":160,"column":0},"end":{"line":175,"column":3}},"90":{"start":{"line":161,"column":4},"end":{"line":161,"column":26}},"91":{"start":{"line":162,"column":13},"end":{"line":162,"column":17}},"92":{"start":{"line":163,"column":16},"end":{"line":163,"column":30}},"93":{"start":{"line":164,"column":14},"end":{"line":164,"column":26}},"94":{"start":{"line":165,"column":4},"end":{"line":165,"column":45}},"95":{"start":{"line":166,"column":4},"end":{"line":174,"column":5}},"96":{"start":{"line":168,"column":18},"end":{"line":168,"column":41}},"97":{"start":{"line":169,"column":8},"end":{"line":169,"column":35}},"98":{"start":{"line":173,"column":8},"end":{"line":173,"column":50}},"99":{"start":{"line":180,"column":0},"end":{"line":198,"column":3}},"100":{"start":{"line":181,"column":4},"end":{"line":181,"column":29}},"101":{"start":{"line":182,"column":15},"end":{"line":182,"column":28}},"102":{"start":{"line":183,"column":14},"end":{"line":183,"column":26}},"103":{"start":{"line":184,"column":4},"end":{"line":188,"column":5}},"104":{"start":{"line":186,"column":8},"end":{"line":186,"column":48}},"105":{"start":{"line":187,"column":8},"end":{"line":187,"column":15}},"106":{"start":{"line":189,"column":13},"end":{"line":189,"column":29}},"107":{"start":{"line":190,"column":16},"end":{"line":190,"column":50}},"108":{"start":{"line":191,"column":4},"end":{"line":196,"column":5}},"109":{"start":{"line":193,"column":8},"end":{"line":193,"column":90}},"110":{"start":{"line":194,"column":8},"end":{"line":194,"column":22}},"111":{"start":{"line":195,"column":8},"end":{"line":195,"column":15}},"112":{"start":{"line":197,"column":4},"end":{"line":197,"column":47}},"113":{"start":{"line":211,"column":0},"end":{"line":222,"column":3}},"114":{"start":{"line":212,"column":4},"end":{"line":212,"column":24}},"115":{"start":{"line":213,"column":21},"end":{"line":213,"column":40}},"116":{"start":{"line":214,"column":14},"end":{"line":214,"column":26}},"117":{"start":{"line":215,"column":4},"end":{"line":218,"column":5}},"118":{"start":{"line":216,"column":8},"end":{"line":216,"column":50}},"119":{"start":{"line":217,"column":8},"end":{"line":217,"column":15}},"120":{"start":{"line":219,"column":13},"end":{"line":219,"column":29}},"121":{"start":{"line":220,"column":4},"end":{"line":220,"column":35}},"122":{"start":{"line":221,"column":4},"end":{"line":221,"column":19}},"123":{"start":{"line":224,"column":0},"end":{"line":254,"column":2}},"124":{"start":{"line":225,"column":4},"end":{"line":225,"column":27}},"125":{"start":{"line":226,"column":14},"end":{"line":226,"column":26}},"126":{"start":{"line":227,"column":21},"end":{"line":227,"column":40}},"127":{"start":{"line":228,"column":4},"end":{"line":228,"column":28}},"128":{"start":{"line":229,"column":4},"end":{"line":232,"column":5}},"129":{"start":{"line":230,"column":8},"end":{"line":230,"column":50}},"130":{"start":{"line":231,"column":8},"end":{"line":231,"column":15}},"131":{"start":{"line":233,"column":13},"end":{"line":233,"column":29}},"132":{"start":{"line":234,"column":4},"end":{"line":253,"column":5}},"133":{"start":{"line":235,"column":17},"end":{"line":235,"column":52}},"134":{"start":{"line":236,"column":8},"end":{"line":239,"column":9}},"135":{"start":{"line":237,"column":12},"end":{"line":237,"column":42}},"136":{"start":{"line":238,"column":12},"end":{"line":238,"column":19}},"137":{"start":{"line":240,"column":18},"end":{"line":240,"column":39}},"138":{"start":{"line":241,"column":22},"end":{"line":241,"column":81}},"139":{"start":{"line":241,"column":56},"end":{"line":241,"column":80}},"140":{"start":{"line":242,"column":8},"end":{"line":244,"column":9}},"141":{"start":{"line":243,"column":12},"end":{"line":243,"column":44}},"142":{"start":{"line":245,"column":8},"end":{"line":245,"column":51}},"143":{"start":{"line":246,"column":22},"end":{"line":246,"column":47}},"144":{"start":{"line":247,"column":8},"end":{"line":247,"column":64}},"145":{"start":{"line":251,"column":8},"end":{"line":251,"column":27}},"146":{"start":{"line":252,"column":8},"end":{"line":252,"column":38}},"147":{"start":{"line":265,"column":0},"end":{"line":275,"column":3}},"148":{"start":{"line":266,"column":4},"end":{"line":266,"column":32}},"149":{"start":{"line":267,"column":14},"end":{"line":267,"column":27}},"150":{"start":{"line":268,"column":4},"end":{"line":271,"column":5}},"151":{"start":{"line":269,"column":8},"end":{"line":269,"column":50}},"152":{"start":{"line":270,"column":8},"end":{"line":270,"column":15}},"153":{"start":{"line":272,"column":13},"end":{"line":272,"column":29}},"154":{"start":{"line":273,"column":22},"end":{"line":273,"column":47}},"155":{"start":{"line":274,"column":4},"end":{"line":274,"column":26}},"156":{"start":{"line":277,"column":0},"end":{"line":280,"column":2}},"157":{"start":{"line":278,"column":4},"end":{"line":278,"column":36}},"158":{"start":{"line":279,"column":4},"end":{"line":279,"column":41}},"159":{"start":{"line":291,"column":0},"end":{"line":301,"column":3}},"160":{"start":{"line":292,"column":4},"end":{"line":292,"column":28}},"161":{"start":{"line":293,"column":14},"end":{"line":293,"column":27}},"162":{"start":{"line":294,"column":4},"end":{"line":297,"column":5}},"163":{"start":{"line":295,"column":8},"end":{"line":295,"column":50}},"164":{"start":{"line":296,"column":8},"end":{"line":296,"column":15}},"165":{"start":{"line":298,"column":13},"end":{"line":298,"column":29}},"166":{"start":{"line":299,"column":14},"end":{"line":299,"column":44}},"167":{"start":{"line":300,"column":4},"end":{"line":300,"column":18}},"168":{"start":{"line":311,"column":0},"end":{"line":327,"column":3}},"169":{"start":{"line":312,"column":4},"end":{"line":312,"column":39}},"170":{"start":{"line":313,"column":13},"end":{"line":313,"column":29}},"171":{"start":{"line":315,"column":4},"end":{"line":322,"column":27}},"172":{"start":{"line":316,"column":8},"end":{"line":316,"column":30}},"173":{"start":{"line":317,"column":8},"end":{"line":321,"column":9}},"174":{"start":{"line":318,"column":22},"end":{"line":318,"column":52}},"175":{"start":{"line":319,"column":12},"end":{"line":319,"column":34}},"176":{"start":{"line":319,"column":28},"end":{"line":319,"column":34}},"177":{"start":{"line":320,"column":12},"end":{"line":320,"column":34}},"178":{"start":{"line":323,"column":4},"end":{"line":323,"column":55}},"179":{"start":{"line":324,"column":4},"end":{"line":324,"column":21}},"180":{"start":{"line":325,"column":4},"end":{"line":325,"column":46}},"181":{"start":{"line":326,"column":4},"end":{"line":326,"column":28}},"182":{"start":{"line":332,"column":0},"end":{"line":335,"column":3}},"183":{"start":{"line":333,"column":4},"end":{"line":333,"column":29}},"184":{"start":{"line":334,"column":4},"end":{"line":334,"column":39}},"185":{"start":{"line":337,"column":0},"end":{"line":354,"column":3}},"186":{"start":{"line":338,"column":4},"end":{"line":338,"column":35}},"187":{"start":{"line":339,"column":14},"end":{"line":339,"column":26}},"188":{"start":{"line":340,"column":4},"end":{"line":343,"column":5}},"189":{"start":{"line":341,"column":8},"end":{"line":341,"column":50}},"190":{"start":{"line":342,"column":8},"end":{"line":342,"column":15}},"191":{"start":{"line":344,"column":14},"end":{"line":344,"column":30}},"192":{"start":{"line":346,"column":19},"end":{"line":346,"column":55}},"193":{"start":{"line":348,"column":4},"end":{"line":353,"column":48}},"194":{"start":{"line":350,"column":8},"end":{"line":350,"column":47}},"195":{"start":{"line":351,"column":8},"end":{"line":351,"column":23}},"196":{"start":{"line":353,"column":9},"end":{"line":353,"column":48}},"197":{"start":{"line":356,"column":0},"end":{"line":376,"column":2}},"198":{"start":{"line":357,"column":4},"end":{"line":357,"column":25}},"199":{"start":{"line":358,"column":14},"end":{"line":358,"column":27}},"200":{"start":{"line":359,"column":4},"end":{"line":362,"column":5}},"201":{"start":{"line":360,"column":8},"end":{"line":360,"column":50}},"202":{"start":{"line":361,"column":8},"end":{"line":361,"column":15}},"203":{"start":{"line":364,"column":4},"end":{"line":375,"column":5}},"204":{"start":{"line":364,"column":26},"end":{"line":364,"column":69}},"205":{"start":{"line":367,"column":18},"end":{"line":367,"column":34}},"206":{"start":{"line":368,"column":19},"end":{"line":368,"column":53}},"207":{"start":{"line":369,"column":8},"end":{"line":373,"column":9}},"208":{"start":{"line":371,"column":12},"end":{"line":371,"column":51}},"209":{"start":{"line":372,"column":12},"end":{"line":372,"column":19}},"210":{"start":{"line":374,"column":8},"end":{"line":374,"column":58}},"211":{"start":{"line":378,"column":0},"end":{"line":413,"column":3}},"212":{"start":{"line":379,"column":4},"end":{"line":379,"column":36}},"213":{"start":{"line":380,"column":14},"end":{"line":380,"column":26}},"214":{"start":{"line":381,"column":18},"end":{"line":381,"column":34}},"215":{"start":{"line":382,"column":18},"end":{"line":382,"column":34}},"216":{"start":{"line":383,"column":4},"end":{"line":387,"column":5}},"217":{"start":{"line":385,"column":8},"end":{"line":385,"column":76}},"218":{"start":{"line":386,"column":8},"end":{"line":386,"column":15}},"219":{"start":{"line":388,"column":4},"end":{"line":391,"column":5}},"220":{"start":{"line":389,"column":8},"end":{"line":389,"column":50}},"221":{"start":{"line":390,"column":8},"end":{"line":390,"column":15}},"222":{"start":{"line":392,"column":14},"end":{"line":392,"column":30}},"223":{"start":{"line":393,"column":4},"end":{"line":412,"column":5}},"224":{"start":{"line":394,"column":24},"end":{"line":394,"column":58}},"225":{"start":{"line":395,"column":8},"end":{"line":399,"column":9}},"226":{"start":{"line":397,"column":12},"end":{"line":397,"column":69}},"227":{"start":{"line":398,"column":12},"end":{"line":398,"column":19}},"228":{"start":{"line":400,"column":8},"end":{"line":405,"column":11}},"229":{"start":{"line":406,"column":8},"end":{"line":406,"column":23}},"230":{"start":{"line":410,"column":8},"end":{"line":410,"column":29}},"231":{"start":{"line":411,"column":8},"end":{"line":411,"column":47}}},"fnMap":{"0":{"name":"random_bytes","decl":{"start":{"line":15,"column":9},"end":{"line":15,"column":21}},"loc":{"start":{"line":15,"column":29},"end":{"line":17,"column":1}},"line":15},"1":{"name":"connect","decl":{"start":{"line":42,"column":15},"end":{"line":42,"column":22}},"loc":{"start":{"line":42,"column":24},"end":{"line":57,"column":1}},"line":42},"2":{"name":"(anonymous_2)","decl":{"start":{"line":52,"column":26},"end":{"line":52,"column":27}},"loc":{"start":{"line":52,"column":33},"end":{"line":52,"column":100}},"line":52},"3":{"name":"(anonymous_3)","decl":{"start":{"line":59,"column":22},"end":{"line":59,"column":23}},"loc":{"start":{"line":59,"column":33},"end":{"line":64,"column":3}},"line":59},"4":{"name":"check_session","decl":{"start":{"line":67,"column":9},"end":{"line":67,"column":22}},"loc":{"start":{"line":67,"column":28},"end":{"line":69,"column":1}},"line":67},"5":{"name":"check_credentials","decl":{"start":{"line":71,"column":15},"end":{"line":71,"column":32}},"loc":{"start":{"line":71,"column":45},"end":{"line":79,"column":1}},"line":71},"6":{"name":"generate_session_id","decl":{"start":{"line":80,"column":9},"end":{"line":80,"column":28}},"loc":{"start":{"line":80,"column":33},"end":{"line":92,"column":1}},"line":80},"7":{"name":"add_ingredient","decl":{"start":{"line":93,"column":15},"end":{"line":93,"column":29}},"loc":{"start":{"line":93,"column":58},"end":{"line":102,"column":1}},"line":93},"8":{"name":"get_ingredients","decl":{"start":{"line":103,"column":15},"end":{"line":103,"column":30}},"loc":{"start":{"line":103,"column":35},"end":{"line":107,"column":1}},"line":103},"9":{"name":"get_all_ingredients","decl":{"start":{"line":108,"column":15},"end":{"line":108,"column":34}},"loc":{"start":{"line":108,"column":36},"end":{"line":112,"column":1}},"line":108},"10":{"name":"get_recipes","decl":{"start":{"line":113,"column":15},"end":{"line":113,"column":26}},"loc":{"start":{"line":113,"column":29},"end":{"line":117,"column":1}},"line":113},"11":{"name":"get_possible_recipes","decl":{"start":{"line":118,"column":15},"end":{"line":118,"column":35}},"loc":{"start":{"line":118,"column":40},"end":{"line":148,"column":1}},"line":118},"12":{"name":"(anonymous_12)","decl":{"start":{"line":122,"column":37},"end":{"line":122,"column":38}},"loc":{"start":{"line":122,"column":42},"end":{"line":122,"column":48}},"line":122},"13":{"name":"(anonymous_13)","decl":{"start":{"line":143,"column":35},"end":{"line":143,"column":36}},"loc":{"start":{"line":143,"column":49},"end":{"line":146,"column":5}},"line":143},"14":{"name":"(anonymous_14)","decl":{"start":{"line":147,"column":40},"end":{"line":147,"column":41}},"loc":{"start":{"line":147,"column":47},"end":{"line":147,"column":51}},"line":147},"15":{"name":"(anonymous_15)","decl":{"start":{"line":160,"column":19},"end":{"line":160,"column":20}},"loc":{"start":{"line":160,"column":39},"end":{"line":175,"column":1}},"line":160},"16":{"name":"(anonymous_16)","decl":{"start":{"line":180,"column":22},"end":{"line":180,"column":23}},"loc":{"start":{"line":180,"column":42},"end":{"line":198,"column":1}},"line":180},"17":{"name":"(anonymous_17)","decl":{"start":{"line":211,"column":17},"end":{"line":211,"column":18}},"loc":{"start":{"line":211,"column":31},"end":{"line":222,"column":1}},"line":211},"18":{"name":"(anonymous_18)","decl":{"start":{"line":224,"column":22},"end":{"line":224,"column":23}},"loc":{"start":{"line":224,"column":42},"end":{"line":254,"column":1}},"line":224},"19":{"name":"(anonymous_19)","decl":{"start":{"line":241,"column":47},"end":{"line":241,"column":48}},"loc":{"start":{"line":241,"column":56},"end":{"line":241,"column":80}},"line":241},"20":{"name":"(anonymous_20)","decl":{"start":{"line":265,"column":24},"end":{"line":265,"column":25}},"loc":{"start":{"line":265,"column":44},"end":{"line":275,"column":1}},"line":265},"21":{"name":"(anonymous_21)","decl":{"start":{"line":277,"column":28},"end":{"line":277,"column":29}},"loc":{"start":{"line":277,"column":48},"end":{"line":280,"column":1}},"line":277},"22":{"name":"(anonymous_22)","decl":{"start":{"line":291,"column":20},"end":{"line":291,"column":21}},"loc":{"start":{"line":291,"column":40},"end":{"line":301,"column":1}},"line":291},"23":{"name":"(anonymous_23)","decl":{"start":{"line":311,"column":31},"end":{"line":311,"column":32}},"loc":{"start":{"line":311,"column":51},"end":{"line":327,"column":1}},"line":311},"24":{"name":"(anonymous_24)","decl":{"start":{"line":332,"column":21},"end":{"line":332,"column":22}},"loc":{"start":{"line":332,"column":35},"end":{"line":335,"column":1}},"line":332},"25":{"name":"(anonymous_25)","decl":{"start":{"line":337,"column":30},"end":{"line":337,"column":31}},"loc":{"start":{"line":337,"column":50},"end":{"line":354,"column":1}},"line":337},"26":{"name":"(anonymous_26)","decl":{"start":{"line":356,"column":17},"end":{"line":356,"column":18}},"loc":{"start":{"line":356,"column":37},"end":{"line":376,"column":1}},"line":356},"27":{"name":"(anonymous_27)","decl":{"start":{"line":378,"column":29},"end":{"line":378,"column":30}},"loc":{"start":{"line":378,"column":49},"end":{"line":413,"column":1}},"line":378}},"branchMap":{"0":{"loc":{"start":{"line":60,"column":4},"end":{"line":60,"column":35}},"type":"if","locations":[{"start":{"line":60,"column":4},"end":{"line":60,"column":35}},{"start":{},"end":{}}],"line":60},"1":{"loc":{"start":{"line":73,"column":4},"end":{"line":73,"column":33}},"type":"if","locations":[{"start":{"line":73,"column":4},"end":{"line":73,"column":33}},{"start":{},"end":{}}],"line":73},"2":{"loc":{"start":{"line":74,"column":4},"end":{"line":77,"column":5}},"type":"if","locations":[{"start":{"line":74,"column":4},"end":{"line":77,"column":5}},{"start":{},"end":{}}],"line":74},"3":{"loc":{"start":{"line":86,"column":4},"end":{"line":87,"column":50}},"type":"if","locations":[{"start":{"line":86,"column":4},"end":{"line":87,"column":50}},{"start":{},"end":{}}],"line":86},"4":{"loc":{"start":{"line":95,"column":4},"end":{"line":99,"column":5}},"type":"if","locations":[{"start":{"line":95,"column":4},"end":{"line":99,"column":5}},{"start":{},"end":{}}],"line":95},"5":{"loc":{"start":{"line":105,"column":4},"end":{"line":105,"column":31}},"type":"if","locations":[{"start":{"line":105,"column":4},"end":{"line":105,"column":31}},{"start":{},"end":{}}],"line":105},"6":{"loc":{"start":{"line":109,"column":4},"end":{"line":110,"column":63}},"type":"if","locations":[{"start":{"line":109,"column":4},"end":{"line":110,"column":63}},{"start":{},"end":{}}],"line":109},"7":{"loc":{"start":{"line":114,"column":4},"end":{"line":115,"column":67}},"type":"if","locations":[{"start":{"line":114,"column":4},"end":{"line":115,"column":67}},{"start":{},"end":{}}],"line":114},"8":{"loc":{"start":{"line":121,"column":4},"end":{"line":122,"column":51}},"type":"if","locations":[{"start":{"line":121,"column":4},"end":{"line":122,"column":51}},{"start":{"line":122,"column":9},"end":{"line":122,"column":51}}],"line":121},"9":{"loc":{"start":{"line":134,"column":12},"end":{"line":139,"column":24}},"type":"if","locations":[{"start":{"line":134,"column":12},"end":{"line":139,"column":24}},{"start":{"line":139,"column":17},"end":{"line":139,"column":24}}],"line":134},"10":{"loc":{"start":{"line":144,"column":8},"end":{"line":144,"column":44}},"type":"if","locations":[{"start":{"line":144,"column":8},"end":{"line":144,"column":44}},{"start":{},"end":{}}],"line":144},"11":{"loc":{"start":{"line":166,"column":4},"end":{"line":174,"column":5}},"type":"if","locations":[{"start":{"line":166,"column":4},"end":{"line":174,"column":5}},{"start":{"line":172,"column":4},"end":{"line":174,"column":5}}],"line":166},"12":{"loc":{"start":{"line":184,"column":4},"end":{"line":188,"column":5}},"type":"if","locations":[{"start":{"line":184,"column":4},"end":{"line":188,"column":5}},{"start":{},"end":{}}],"line":184},"13":{"loc":{"start":{"line":191,"column":4},"end":{"line":196,"column":5}},"type":"if","locations":[{"start":{"line":191,"column":4},"end":{"line":196,"column":5}},{"start":{},"end":{}}],"line":191},"14":{"loc":{"start":{"line":215,"column":4},"end":{"line":218,"column":5}},"type":"if","locations":[{"start":{"line":215,"column":4},"end":{"line":218,"column":5}},{"start":{},"end":{}}],"line":215},"15":{"loc":{"start":{"line":229,"column":4},"end":{"line":232,"column":5}},"type":"if","locations":[{"start":{"line":229,"column":4},"end":{"line":232,"column":5}},{"start":{},"end":{}}],"line":229},"16":{"loc":{"start":{"line":236,"column":8},"end":{"line":239,"column":9}},"type":"if","locations":[{"start":{"line":236,"column":8},"end":{"line":239,"column":9}},{"start":{},"end":{}}],"line":236},"17":{"loc":{"start":{"line":242,"column":8},"end":{"line":244,"column":9}},"type":"if","locations":[{"start":{"line":242,"column":8},"end":{"line":244,"column":9}},{"start":{},"end":{}}],"line":242},"18":{"loc":{"start":{"line":268,"column":4},"end":{"line":271,"column":5}},"type":"if","locations":[{"start":{"line":268,"column":4},"end":{"line":271,"column":5}},{"start":{},"end":{}}],"line":268},"19":{"loc":{"start":{"line":294,"column":4},"end":{"line":297,"column":5}},"type":"if","locations":[{"start":{"line":294,"column":4},"end":{"line":297,"column":5}},{"start":{},"end":{}}],"line":294},"20":{"loc":{"start":{"line":319,"column":12},"end":{"line":319,"column":34}},"type":"if","locations":[{"start":{"line":319,"column":12},"end":{"line":319,"column":34}},{"start":{},"end":{}}],"line":319},"21":{"loc":{"start":{"line":340,"column":4},"end":{"line":343,"column":5}},"type":"if","locations":[{"start":{"line":340,"column":4},"end":{"line":343,"column":5}},{"start":{},"end":{}}],"line":340},"22":{"loc":{"start":{"line":348,"column":4},"end":{"line":353,"column":48}},"type":"if","locations":[{"start":{"line":348,"column":4},"end":{"line":353,"column":48}},{"start":{"line":353,"column":9},"end":{"line":353,"column":48}}],"line":348},"23":{"loc":{"start":{"line":359,"column":4},"end":{"line":362,"column":5}},"type":"if","locations":[{"start":{"line":359,"column":4},"end":{"line":362,"column":5}},{"start":{},"end":{}}],"line":359},"24":{"loc":{"start":{"line":364,"column":4},"end":{"line":375,"column":5}},"type":"if","locations":[{"start":{"line":364,"column":4},"end":{"line":375,"column":5}},{"start":{"line":366,"column":4},"end":{"line":375,"column":5}}],"line":364},"25":{"loc":{"start":{"line":369,"column":8},"end":{"line":373,"column":9}},"type":"if","locations":[{"start":{"line":369,"column":8},"end":{"line":373,"column":9}},{"start":{},"end":{}}],"line":369},"26":{"loc":{"start":{"line":383,"column":4},"end":{"line":387,"column":5}},"type":"if","locations":[{"start":{"line":383,"column":4},"end":{"line":387,"column":5}},{"start":{},"end":{}}],"line":383},"27":{"loc":{"start":{"line":388,"column":4},"end":{"line":391,"column":5}},"type":"if","locations":[{"start":{"line":388,"column":4},"end":{"line":391,"column":5}},{"start":{},"end":{}}],"line":388},"28":{"loc":{"start":{"line":395,"column":8},"end":{"line":399,"column":9}},"type":"if","locations":[{"start":{"line":395,"column":8},"end":{"line":399,"column":9}},{"start":{},"end":{}}],"line":395}},"s":{"0":1,"1":8,"2":1,"3":1,"4":1,"5":1,"6":1,"7":1,"8":1,"9":1,"10":1,"11":1,"12":1,"13":1,"14":1,"15":1,"16":1,"17":1,"18":1,"19":1,"20":1,"21":1,"22":1,"23":1,"24":1,"25":55,"26":55,"27":0,"28":1,"29":3,"30":0,"31":3,"32":3,"33":5,"34":5,"35":0,"36":5,"37":4,"38":1,"39":4,"40":4,"41":4,"42":4,"43":2,"44":4,"45":4,"46":4,"47":0,"48":0,"49":0,"50":0,"51":0,"52":0,"53":0,"54":0,"55":0,"56":0,"57":0,"58":0,"59":0,"60":0,"61":0,"62":0,"63":0,"64":0,"65":0,"66":0,"67":0,"68":0,"69":0,"70":0,"71":0,"72":0,"73":0,"74":0,"75":0,"76":0,"77":0,"78":0,"79":0,"80":0,"81":0,"82":0,"83":0,"84":0,"85":0,"86":0,"87":0,"88":0,"89":1,"90":5,"91":5,"92":5,"93":5,"94":5,"95":5,"96":4,"97":4,"98":1,"99":1,"100":3,"101":3,"102":3,"103":3,"104":1,"105":1,"106":2,"107":2,"108":2,"109":1,"110":1,"111":1,"112":1,"113":1,"114":0,"115":0,"116":0,"117":0,"118":0,"119":0,"120":0,"121":0,"122":0,"123":1,"124":0,"125":0,"126":0,"127":0,"128":0,"129":0,"130":0,"131":0,"132":0,"133":0,"134":0,"135":0,"136":0,"137":0,"138":0,"139":0,"140":0,"141":0,"142":0,"143":0,"144":0,"145":0,"146":0,"147":1,"148":0,"149":0,"150":0,"151":0,"152":0,"153":0,"154":0,"155":0,"156":1,"157":0,"158":0,"159":1,"160":0,"161":0,"162":0,"163":0,"164":0,"165":0,"166":0,"167":0,"168":1,"169":1,"170":1,"171":1,"172":1,"173":1,"174":1,"175":1,"176":1,"177":0,"178":1,"179":1,"180":1,"181":1,"182":1,"183":0,"184":0,"185":1,"186":2,"187":2,"188":2,"189":1,"190":1,"191":1,"192":1,"193":1,"194":1,"195":1,"196":0,"197":1,"198":1,"199":1,"200":1,"201":0,"202":0,"203":1,"204":1,"205":0,"206":0,"207":0,"208":0,"209":0,"210":0,"211":1,"212":0,"213":0,"214":0,"215":0,"216":0,"217":0,"218":0,"219":0,"220":0,"221":0,"222":0,"223":0,"224":0,"225":0,"226":0,"227":0,"228":0,"229":0,"230":0,"231":0},"f":{"0":8,"1":1,"2":55,"3":3,"4":3,"5":5,"6":4,"7":0,"8":0,"9":0,"10":0,"11":0,"12":0,"13":0,"14":0,"15":5,"16":3,"17":0,"18":0,"19":0,"20":0,"21":0,"22":0,"23":1,"24":0,"25":2,"26":1,"27":0},"b":{"0":[0,3],"1":[0,5],"2":[4,1],"3":[2,2],"4":[0,0],"5":[0,0],"6":[0,0],"7":[0,0],"8":[0,0],"9":[0,0],"10":[0,0],"11":[4,1],"12":[1,2],"13":[1,1],"14":[0,0],"15":[0,0],"16":[0,0],"17":[0,0],"18":[0,0],"19":[0,0],"20":[1,0],"21":[1,1],"22":[1,0],"23":[0,1],"24":[1,0],"25":[0,0],"26":[0,0],"27":[0,0],"28":[0,0]},"_coverageSchema":"1a1c01bbd47fc00a2c39e90264f33305004495a9","hash":"cc51afedf54fe012def2ab5df6e1d589801b2132"}
}
