TN:
SF:app.js
FN:15,random_bytes
FN:42,connect
FN:52,(anonymous_2)
FN:59,(anonymous_3)
FN:67,check_session
FN:71,check_credentials
FN:80,generate_session_id
FN:93,add_ingredient
FN:103,get_ingredients
FN:108,get_all_ingredients
FN:113,get_recipes
FN:118,get_possible_recipes
FN:122,(anonymous_12)
FN:143,(anonymous_13)
FN:147,(anonymous_14)
FN:160,(anonymous_15)
FN:180,(anonymous_16)
FN:211,(anonymous_17)
FN:224,(anonymous_18)
FN:241,(anonymous_19)
FN:265,(anonymous_20)
FN:277,(anonymous_21)
FN:291,(anonymous_22)
FN:311,(anonymous_23)
FN:332,(anonymous_24)
FN:337,(anonymous_25)
FN:356,(anonymous_26)
FN:378,(anonymous_27)
FNF:28
FNH:12
FNDA:8,random_bytes
FNDA:1,connect
FNDA:55,(anonymous_2)
FNDA:3,(anonymous_3)
FNDA:3,check_session
FNDA:5,check_credentials
FNDA:4,generate_session_id
FNDA:0,add_ingredient
FNDA:0,get_ingredients
FNDA:0,get_all_ingredients
FNDA:0,get_recipes
FNDA:0,get_possible_recipes
FNDA:0,(anonymous_12)
FNDA:0,(anonymous_13)
FNDA:0,(anonymous_14)
FNDA:5,(anonymous_15)
FNDA:3,(anonymous_16)
FNDA:0,(anonymous_17)
FNDA:0,(anonymous_18)
FNDA:0,(anonymous_19)
FNDA:0,(anonymous_20)
FNDA:0,(anonymous_21)
FNDA:0,(anonymous_22)
FNDA:1,(anonymous_23)
FNDA:0,(anonymous_24)
FNDA:2,(anonymous_25)
FNDA:1,(anonymous_26)
FNDA:0,(anonymous_27)
DA:13,1
DA:16,8
DA:19,1
DA:20,1
DA:21,1
DA:22,1
DA:29,1
DA:30,1
DA:31,1
DA:33,1
DA:34,1
DA:35,1
DA:37,1
DA:39,1
DA:40,1
DA:43,1
DA:44,1
DA:45,1
DA:46,1
DA:47,1
DA:48,1
DA:49,1
DA:50,1
DA:51,1
DA:52,55
DA:55,0
DA:59,1
DA:60,3
DA:61,3
DA:68,3
DA:72,5
DA:73,5
DA:74,5
DA:76,4
DA:78,1
DA:81,4
DA:82,4
DA:83,4
DA:86,4
DA:87,2
DA:89,4
DA:90,4
DA:91,4
DA:94,0
DA:95,0
DA:97,0
DA:98,0
DA:100,0
DA:101,0
DA:104,0
DA:105,0
DA:106,0
DA:109,0
DA:110,0
DA:111,0
DA:114,0
DA:115,0
DA:116,0
DA:119,0
DA:121,0
DA:122,0
DA:123,0
DA:125,0
DA:127,0
DA:128,0
DA:129,0
DA:130,0
DA:131,0
DA:133,0
DA:134,0
DA:136,0
DA:137,0
DA:139,0
DA:141,0
DA:143,0
DA:144,0
DA:145,0
DA:147,0
DA:160,1
DA:161,5
DA:162,5
DA:163,5
DA:164,5
DA:165,5
DA:166,5
DA:168,4
DA:169,4
DA:173,1
DA:180,1
DA:181,3
DA:182,3
DA:183,3
DA:184,3
DA:186,1
DA:187,1
DA:189,2
DA:190,2
DA:191,2
DA:193,1
DA:194,1
DA:195,1
DA:197,1
DA:211,1
DA:212,0
DA:213,0
DA:214,0
DA:215,0
DA:216,0
DA:217,0
DA:219,0
DA:220,0
DA:221,0
DA:224,1
DA:225,0
DA:226,0
DA:227,0
DA:228,0
DA:229,0
DA:230,0
DA:231,0
DA:233,0
DA:234,0
DA:235,0
DA:236,0
DA:237,0
DA:238,0
DA:240,0
DA:241,0
DA:242,0
DA:243,0
DA:245,0
DA:246,0
DA:247,0
DA:251,0
DA:252,0
DA:265,1
DA:266,0
DA:267,0
DA:268,0
DA:269,0
DA:270,0
DA:272,0
DA:273,0
DA:274,0
DA:277,1
DA:278,0
DA:279,0
DA:291,1
DA:292,0
DA:293,0
DA:294,0
DA:295,0
DA:296,0
DA:298,0
DA:299,0
DA:300,0
DA:311,1
DA:312,1
DA:313,1
DA:315,1
DA:316,1
DA:317,1
DA:318,1
DA:319,1
DA:320,0
DA:323,1
DA:324,1
DA:325,1
DA:326,1
DA:332,1
DA:333,0
DA:334,0
DA:337,1
DA:338,2
DA:339,2
DA:340,2
DA:341,1
DA:342,1
DA:344,1
DA:346,1
DA:348,1
DA:350,1
DA:351,1
DA:353,0
DA:356,1
DA:357,1
DA:358,1
DA:359,1
DA:360,0
DA:361,0
DA:364,1
DA:367,0
DA:368,0
DA:369,0
DA:371,0
DA:372,0
DA:374,0
DA:378,1
DA:379,0
DA:380,0
DA:381,0
DA:382,0
DA:383,0
DA:385,0
DA:386,0
DA:388,0
DA:389,0
DA:390,0
DA:392,0
DA:393,0
DA:394,0
DA:395,0
DA:397,0
DA:398,0
DA:400,0
DA:406,0
DA:410,0
DA:411,0
LF:218
LH:101
BRDA:60,0,0,0
BRDA:60,0,1,3
BRDA:73,1,0,0
BRDA:73,1,1,5
BRDA:74,2,0,4
BRDA:74,2,1,1
BRDA:86,3,0,2
BRDA:86,3,1,2
BRDA:95,4,0,0
BRDA:95,4,1,0
BRDA:105,5,0,0
BRDA:105,5,1,0
BRDA:109,6,0,0
BRDA:109,6,1,0
BRDA:114,7,0,0
BRDA:114,7,1,0
BRDA:121,8,0,0
BRDA:121,8,1,0
BRDA:134,9,0,0
BRDA:134,9,1,0
BRDA:144,10,0,0
BRDA:144,10,1,0
BRDA:166,11,0,4
BRDA:166,11,1,1
BRDA:184,12,0,1
BRDA:184,12,1,2
BRDA:191,13,0,1
BRDA:191,13,1,1
BRDA:215,14,0,0
BRDA:215,14,1,0
BRDA:229,15,0,0
BRDA:229,15,1,0
BRDA:236,16,0,0
BRDA:236,16,1,0
BRDA:242,17,0,0
BRDA:242,17,1,0
BRDA:268,18,0,0
BRDA:268,18,1,0
BRDA:294,19,0,0
BRDA:294,19,1,0
BRDA:319,20,0,1
BRDA:319,20,1,0
BRDA:340,21,0,1
BRDA:340,21,1,1
BRDA:348,22,0,1
BRDA:348,22,1,0
BRDA:359,23,0,0
BRDA:359,23,1,1
BRDA:364,24,0,1
BRDA:364,24,1,0
BRDA:369,25,0,0
BRDA:369,25,1,0
BRDA:383,26,0,0
BRDA:383,26,1,0
BRDA:388,27,0,0
BRDA:388,27,1,0
BRDA:395,28,0,0
BRDA:395,28,1,0
BRF:58
BRH:18
end_of_record
